<?xml version="1.0" encoding="UTF-8"?>
<!-- Generated by org.testng.reporters.JUnitXMLReporter -->
<testsuite hostname="din35003774" ignored="4" name="testing" tests="2" failures="0" timestamp="18 Jun 2018 10:59:07 GMT" time="0.047" errors="0">
  <testcase name="m1" time="0.009" classname="TestNG_Test.TestNG_Groups"/>
  <testcase name="m3" time="0.005" classname="TestNG_Test.TestNG_Groups"/>
  <testcase name="m2" time="0.0" classname="TestNG_Test.TestNG_Groups">
    <ignored/>
  </testcase> <!-- m2 -->
  <testcase name="firstTest" time="0.0" classname="TestNG.TestNGOrder">
    <ignored/>
  </testcase> <!-- firstTest -->
  <testcase name="m4" time="0.0" classname="TestNG_Test.TestNG_Groups">
    <ignored/>
  </testcase> <!-- m4 -->
  <testcase name="m5" time="0.0" classname="TestNG_Test.TestNG_Groups">
    <ignored/>
  </testcase> <!-- m5 -->
</testsuite> <!-- testing -->
