<?xml version="1.0" encoding="UTF-8"?>
<!-- Generated by org.testng.reporters.JUnitXMLReporter -->
<testsuite hostname="din35003774" ignored="1" name="testing" tests="2" failures="0" timestamp="18 Jun 2018 11:18:59 GMT" time="0.035" errors="0">
  <testcase name="m1" time="0.01" classname="TestNG_Test.TestNgSkip"/>
  <testcase name="m3" time="0.002" classname="TestNG_Test.TestNgSkip"/>
  <testcase name="m2" time="0.0" classname="TestNG_Test.TestNgSkip">
    <ignored/>
  </testcase> <!-- m2 -->
</testsuite> <!-- testing -->
