<?xml version="1.0" encoding="UTF-8"?>
<testng-results skipped="0" failed="0" ignored="0" total="2" passed="2">
  <reporter-output>
  </reporter-output>
  <suite name="Default suite" duration-ms="63" started-at="2018-07-12T05:03:46Z" finished-at="2018-07-12T05:03:46Z">
    <groups>
    </groups>
    <test name="Default test" duration-ms="63" started-at="2018-07-12T05:03:46Z" finished-at="2018-07-12T05:03:46Z">
      <class name="TestNG.ExampleForBeforeMethods">
        <test-method status="PASS" signature="goBackToHomepage11()[pri:0, instance:TestNG.ExampleForBeforeMethods@31a5c39e]" name="goBackToHomepage11" is-config="true" duration-ms="20" started-at="2018-07-12T05:03:46Z" finished-at="2018-07-12T05:03:46Z">
          <reporter-output>
          </reporter-output>
        </test-method> <!-- goBackToHomepage11 -->
        <test-method status="PASS" signature="terminateBrowser()[pri:0, instance:TestNG.ExampleForBeforeMethods@31a5c39e]" name="terminateBrowser" duration-ms="5" started-at="2018-07-12T05:03:46Z" finished-at="2018-07-12T05:03:46Z">
          <reporter-output>
          </reporter-output>
        </test-method> <!-- terminateBrowser -->
        <test-method status="PASS" signature="verifyHomepageTitle()[pri:0, instance:TestNG.ExampleForBeforeMethods@31a5c39e]" name="verifyHomepageTitle" is-config="true" duration-ms="0" started-at="2018-07-12T05:03:46Z" finished-at="2018-07-12T05:03:46Z">
          <reporter-output>
          </reporter-output>
        </test-method> <!-- verifyHomepageTitle -->
        <test-method status="PASS" signature="goBackToHomepage11q()[pri:0, instance:TestNG.ExampleForBeforeMethods@31a5c39e]" name="goBackToHomepage11q" is-config="true" duration-ms="1" started-at="2018-07-12T05:03:46Z" finished-at="2018-07-12T05:03:46Z">
          <reporter-output>
          </reporter-output>
        </test-method> <!-- goBackToHomepage11q -->
        <test-method status="PASS" signature="terminateBrowser11()[pri:0, instance:TestNG.ExampleForBeforeMethods@31a5c39e]" name="terminateBrowser11" duration-ms="3" started-at="2018-07-12T05:03:46Z" finished-at="2018-07-12T05:03:46Z">
          <reporter-output>
          </reporter-output>
        </test-method> <!-- terminateBrowser11 -->
        <test-method status="PASS" signature="verifyHomepageTitle()[pri:0, instance:TestNG.ExampleForBeforeMethods@31a5c39e]" name="verifyHomepageTitle" is-config="true" duration-ms="0" started-at="2018-07-12T05:03:46Z" finished-at="2018-07-12T05:03:46Z">
          <reporter-output>
          </reporter-output>
        </test-method> <!-- verifyHomepageTitle -->
        <test-method status="PASS" signature="goBackToHomepage11q()[pri:0, instance:TestNG.ExampleForBeforeMethods@31a5c39e]" name="goBackToHomepage11q" is-config="true" duration-ms="0" started-at="2018-07-12T05:03:46Z" finished-at="2018-07-12T05:03:46Z">
          <reporter-output>
          </reporter-output>
        </test-method> <!-- goBackToHomepage11q -->
        <test-method status="PASS" signature="goBackToHomepage11qs()[pri:0, instance:TestNG.ExampleForBeforeMethods@31a5c39e]" name="goBackToHomepage11qs" is-config="true" duration-ms="1" started-at="2018-07-12T05:03:46Z" finished-at="2018-07-12T05:03:46Z">
          <reporter-output>
          </reporter-output>
        </test-method> <!-- goBackToHomepage11qs -->
      </class> <!-- TestNG.ExampleForBeforeMethods -->
    </test> <!-- Default test -->
  </suite> <!-- Default suite -->
</testng-results>
